Using pre-set license
Built from '2020.3/staging' branch; Version is '2020.3.3f1 (76626098c1c4) revision 7758432'; Using compiler version '192528614'; Build Type 'Release'
OS: 'Windows 10 Pro; OS build 19041.928; Version 2004; 64bit' Language: 'fr' Physical Memory: 32683 MB
BatchMode: 1, IsHumanControllingUs: 0, StartBugReporterOnCrash: 0, Is64bit: 1, IsPro: 0

 COMMAND LINE ARGUMENTS:
C:\Program Files\Unity\Hub\Editor\2020.3.3f1\Editor\Unity.exe
-adb2
-batchMode
-noUpm
-name
AssetImportWorker0
-projectPath
C:/Users/ASUS CORE I7 9TH GEN/Documents/GitHub/TrainJam
-logFile
Logs/AssetImportWorker0.log
-srvPort
61060
Successfully changed project path to: C:/Users/ASUS CORE I7 9TH GEN/Documents/GitHub/TrainJam
C:/Users/ASUS CORE I7 9TH GEN/Documents/GitHub/TrainJam
Using Asset Import Pipeline V2.
Refreshing native plugins compatible for Editor in 45.52 ms, found 1 plugins.
Preloading 0 native plugins for Editor in 0.00 ms.
Initialize engine version: 2020.3.3f1 (76626098c1c4)
[Subsystems] Discovering subsystems at path C:/Program Files/Unity/Hub/Editor/2020.3.3f1/Editor/Data/Resources/UnitySubsystems
[Subsystems] Discovering subsystems at path C:/Users/ASUS CORE I7 9TH GEN/Documents/GitHub/TrainJam/Assets
GfxDevice: creating device client; threaded=0
Direct3D:
    Version:  Direct3D 11.0 [level 11.1]
    Renderer: NVIDIA GeForce RTX 2060 (ID=0x1e89)
    Vendor:   
    VRAM:     5968 MB
    Driver:   27.21.14.5671
Shader 'Universal Render Pipeline/Particles/Lit': fallback shader 'Universal Render Pipeline/Particles/SimpleLit' not found
Initialize mono
Mono path[0] = 'C:/Program Files/Unity/Hub/Editor/2020.3.3f1/Editor/Data/Managed'
Mono path[1] = 'C:/Program Files/Unity/Hub/Editor/2020.3.3f1/Editor/Data/MonoBleedingEdge/lib/mono/unityjit'
Mono config path = 'C:/Program Files/Unity/Hub/Editor/2020.3.3f1/Editor/Data/MonoBleedingEdge/etc'
Using monoOptions --debugger-agent=transport=dt_socket,embedding=1,server=y,suspend=n,address=127.0.0.1:56032
Begin MonoManager ReloadAssembly
Registering precompiled unity dll's ...
Register platform support module: C:/Program Files/Unity/Hub/Editor/2020.3.3f1/Editor/Data/PlaybackEngines/WebGLSupport/UnityEditor.WebGL.Extensions.dll
Register platform support module: C:/Program Files/Unity/Hub/Editor/2020.3.3f1/Editor/Data/PlaybackEngines/MacStandaloneSupport/UnityEditor.OSXStandalone.Extensions.dll
Register platform support module: C:/Program Files/Unity/Hub/Editor/2020.3.3f1/Editor/Data/PlaybackEngines/WindowsStandaloneSupport/UnityEditor.WindowsStandalone.Extensions.dll
Register platform support module: C:/Program Files/Unity/Hub/Editor/2020.3.3f1/Editor/Data/PlaybackEngines/LinuxStandaloneSupport/UnityEditor.LinuxStandalone.Extensions.dll
Registered in 0.002963 seconds.
Native extension for LinuxStandalone target not found
Native extension for WindowsStandalone target not found
Native extension for OSXStandalone target not found
Native extension for WebGL target not found
Refreshing native plugins compatible for Editor in 48.79 ms, found 1 plugins.
Preloading 0 native plugins for Editor in 0.00 ms.
Invoked RoslynAnalysisRunner static constructor.
RoslynAnalysisRunner will not be running.
RoslynAnalysisRunner has terminated.
Mono: successfully reloaded assembly
- Completed reload, in  1.047 seconds
Platform modules already initialized, skipping
Registering precompiled user dll's ...
Registered in 0.001537 seconds.
Begin MonoManager ReloadAssembly
Native extension for LinuxStandalone target not found
Native extension for WindowsStandalone target not found
Native extension for OSXStandalone target not found
Native extension for WebGL target not found
Refreshing native plugins compatible for Editor in 48.24 ms, found 1 plugins.
Preloading 0 native plugins for Editor in 0.00 ms.
Invoked RoslynAnalysisRunner static constructor.
RoslynAnalysisRunner will not be running.
RoslynAnalysisRunner has terminated.
Mono: successfully reloaded assembly
- Completed reload, in  0.948 seconds
Platform modules already initialized, skipping
========================================================================
Worker process is ready to serve import requests
Shader 'Universal Render Pipeline/Particles/Lit': fallback shader 'Universal Render Pipeline/Particles/SimpleLit' not found
Launched and connected shader compiler UnityShaderCompiler.exe after 0.04 seconds
Refreshing native plugins compatible for Editor in 0.50 ms, found 1 plugins.
Preloading 0 native plugins for Editor in 0.00 ms.
Unloading 2902 Unused Serialized files (Serialized files now loaded: 0)
System memory in use before: 132.1 MB.
System memory in use after: 132.3 MB.

Unloading 17 unused Assets to reduce memory usage. Loaded Objects now: 3348.
Total: 2.499700 ms (FindLiveObjects: 0.273000 ms CreateObjectMapping: 0.176200 ms MarkObjects: 1.979600 ms  DeleteObjects: 0.069400 ms)

========================================================================
Received Import Request.
  path: Assets/Readme.asset
  artifactKey: Guid(83c2ed844a8c74b779a4c823d16594b1) Importer(815301076,1909f56bfc062723c751e8b465ee728b)
Start importing Assets/Readme.asset using Guid(83c2ed844a8c74b779a4c823d16594b1) Importer(815301076,1909f56bfc062723c751e8b465ee728b)  -> (artifact id: 'bce978db0bdb2b05f5fd4994854bc824') in 0.037953 seconds
  Import took 0.041964 seconds .

========================================================================
Received Import Request.
  Time since last request: 36.372850 seconds.
  path: Assets/Scenes/SceneLeo.unity
  artifactKey: Guid(aa293984e0ed0644fa9ef7b6936dd827) Importer(815301076,1909f56bfc062723c751e8b465ee728b)
Start importing Assets/Scenes/SceneLeo.unity using Guid(aa293984e0ed0644fa9ef7b6936dd827) Importer(815301076,1909f56bfc062723c751e8b465ee728b)  -> (artifact id: '42f553f8d5c8ee0fac4bc160c8118561') in 0.001895 seconds
  Import took 0.005969 seconds .

========================================================================
Received Import Request.
  Time since last request: 0.004270 seconds.
  path: Assets/Scenes/SceneLeo.unity
  artifactKey: Guid(aa293984e0ed0644fa9ef7b6936dd827) Importer(815301076,1909f56bfc062723c751e8b465ee728b)
Start importing Assets/Scenes/SceneLeo.unity using Guid(aa293984e0ed0644fa9ef7b6936dd827) Importer(815301076,1909f56bfc062723c751e8b465ee728b)  -> (artifact id: '42f553f8d5c8ee0fac4bc160c8118561') in 0.002328 seconds
  Import took 0.006711 seconds .

========================================================================
Received Import Request.
  Time since last request: 42.460625 seconds.
  path: Assets/Scenes/SceneLeo 1.unity
  artifactKey: Guid(2a096c14766b9b3478025c711b4073c3) Importer(815301076,1909f56bfc062723c751e8b465ee728b)
Start importing Assets/Scenes/SceneLeo 1.unity using Guid(2a096c14766b9b3478025c711b4073c3) Importer(815301076,1909f56bfc062723c751e8b465ee728b)  -> (artifact id: '2bb600f52a9fbe53cb8b9bf6b17bb701') in 0.001858 seconds
  Import took 0.007326 seconds .

========================================================================
Received Import Request.
  Time since last request: 31.384044 seconds.
  path: Assets/Scenes/SceneSimon.unity
  artifactKey: Guid(2a096c14766b9b3478025c711b4073c3) Importer(815301076,1909f56bfc062723c751e8b465ee728b)
Start importing Assets/Scenes/SceneSimon.unity using Guid(2a096c14766b9b3478025c711b4073c3) Importer(815301076,1909f56bfc062723c751e8b465ee728b)  -> (artifact id: '6ec5e58e63096b549cc65884d7fb702c') in 0.001910 seconds
  Import took 0.006511 seconds .

========================================================================
Received Import Request.
  Time since last request: 319.775249 seconds.
  path: Assets/Prefabs/Bob.prefab
  artifactKey: Guid(474494b2f319caa4992c9ab39151eb7c) Importer(815301076,1909f56bfc062723c751e8b465ee728b)
Start importing Assets/Prefabs/Bob.prefab using Guid(474494b2f319caa4992c9ab39151eb7c) Importer(815301076,1909f56bfc062723c751e8b465ee728b)  -> (artifact id: '733574246294606fb9d63bf92cb1c1d2') in 0.168688 seconds
  Import took 0.173282 seconds .

========================================================================
Received Import Request.
  Time since last request: 0.000306 seconds.
  path: Assets/Prefabs/Cerfvolant.prefab
  artifactKey: Guid(e23a831e22095cf4386546a5138d3701) Importer(815301076,1909f56bfc062723c751e8b465ee728b)
Start importing Assets/Prefabs/Cerfvolant.prefab using Guid(e23a831e22095cf4386546a5138d3701) Importer(815301076,1909f56bfc062723c751e8b465ee728b)  -> (artifact id: 'e13614bfb5447417d52f2f35356aa8c4') in 0.009765 seconds
  Import took 0.013702 seconds .

========================================================================
Received Import Request.
  Time since last request: 31.516614 seconds.
  path: Assets/Prefabs/Obstacles/cerfPerdu.prefab
  artifactKey: Guid(fc2480dd2674b654787a1086edaafa43) Importer(815301076,1909f56bfc062723c751e8b465ee728b)
Start importing Assets/Prefabs/Obstacles/cerfPerdu.prefab using Guid(fc2480dd2674b654787a1086edaafa43) Importer(815301076,1909f56bfc062723c751e8b465ee728b)  -> (artifact id: 'f7334f94432450be83536ae52acb8adb') in 0.007259 seconds
  Import took 0.011655 seconds .

========================================================================
Received Import Request.
  Time since last request: 0.000256 seconds.
  path: Assets/Prefabs/Obstacles/testFond.prefab
  artifactKey: Guid(feb6af0ebe45ff546ac4eb16167c37d1) Importer(815301076,1909f56bfc062723c751e8b465ee728b)
Start importing Assets/Prefabs/Obstacles/testFond.prefab using Guid(feb6af0ebe45ff546ac4eb16167c37d1) Importer(815301076,1909f56bfc062723c751e8b465ee728b)  -> (artifact id: 'f9e9d69c5b4ee11eb24dca84115dfe97') in 0.008116 seconds
  Import took 0.012409 seconds .

========================================================================
Received Import Request.
  Time since last request: 0.000300 seconds.
  path: Assets/Prefabs/Obstacles/SpawnCerfPerdu.prefab
  artifactKey: Guid(7eb8fef58d468ae4aa5e99458a1d4c34) Importer(815301076,1909f56bfc062723c751e8b465ee728b)
Start importing Assets/Prefabs/Obstacles/SpawnCerfPerdu.prefab using Guid(7eb8fef58d468ae4aa5e99458a1d4c34) Importer(815301076,1909f56bfc062723c751e8b465ee728b)  -> (artifact id: 'f648da3558ac60058a87b070b43b01a8') in 0.004839 seconds
  Import took 0.009137 seconds .

========================================================================
Received Import Request.
  Time since last request: 0.000329 seconds.
  path: Assets/Prefabs/Obstacles/testScene.prefab
  artifactKey: Guid(248dabdb4daded34a9183a275629e4f3) Importer(815301076,1909f56bfc062723c751e8b465ee728b)
Start importing Assets/Prefabs/Obstacles/testScene.prefab using Guid(248dabdb4daded34a9183a275629e4f3) Importer(815301076,1909f56bfc062723c751e8b465ee728b)  -> (artifact id: 'c09d16e8421acb481aabbb046f2cdd7b') in 0.014843 seconds
  Import took 0.019479 seconds .

========================================================================
Received Prepare
Registering precompiled user dll's ...
Registered in 0.001650 seconds.
Begin MonoManager ReloadAssembly
Native extension for LinuxStandalone target not found
Native extension for WindowsStandalone target not found
Native extension for OSXStandalone target not found
Native extension for WebGL target not found
Refreshing native plugins compatible for Editor in 0.46 ms, found 1 plugins.
Preloading 0 native plugins for Editor in 0.00 ms.
Invoked RoslynAnalysisRunner static constructor.
RoslynAnalysisRunner will not be running.
RoslynAnalysisRunner has terminated.
Mono: successfully reloaded assembly
- Completed reload, in  0.873 seconds
Platform modules already initialized, skipping
Shader 'Universal Render Pipeline/Particles/Lit': fallback shader 'Universal Render Pipeline/Particles/SimpleLit' not found
Refreshing native plugins compatible for Editor in 0.45 ms, found 1 plugins.
Preloading 0 native plugins for Editor in 0.00 ms.
Unloading 2788 Unused Serialized files (Serialized files now loaded: 0)
System memory in use before: 130.0 MB.
System memory in use after: 130.2 MB.

Unloading 9 unused Assets to reduce memory usage. Loaded Objects now: 3399.
Total: 2.851000 ms (FindLiveObjects: 0.302400 ms CreateObjectMapping: 0.154900 ms MarkObjects: 2.374000 ms  DeleteObjects: 0.018500 ms)

========================================================================
Received Import Request.
  Time since last request: 25.931165 seconds.
  path: Assets/Prefabs/Obstacles/testFond 1.prefab
  artifactKey: Guid(04b19ab780fe9cb499df3c46e262748f) Importer(815301076,1909f56bfc062723c751e8b465ee728b)
Start importing Assets/Prefabs/Obstacles/testFond 1.prefab using Guid(04b19ab780fe9cb499df3c46e262748f) Importer(815301076,1909f56bfc062723c751e8b465ee728b)  -> (artifact id: 'e34633a4eed97d680ce8468616b89913') in 0.127745 seconds
  Import took 0.132094 seconds .

========================================================================
Received Import Request.
  Time since last request: 35.525824 seconds.
  path: Assets/Prefabs/Obstacles/roue.prefab
  artifactKey: Guid(04b19ab780fe9cb499df3c46e262748f) Importer(815301076,1909f56bfc062723c751e8b465ee728b)
Start importing Assets/Prefabs/Obstacles/roue.prefab using Guid(04b19ab780fe9cb499df3c46e262748f) Importer(815301076,1909f56bfc062723c751e8b465ee728b)  -> (artifact id: '622f276ba377365864f482c5ac7816d7') in 0.007388 seconds
  Import took 0.012404 seconds .

========================================================================
Received Import Request.
  Time since last request: 301.091848 seconds.
  path: Assets/ExampleAssets/Prefabs/Construction Light Low.prefab
  artifactKey: Guid(bf0a225a9ff184f2789f3036faaa9150) Importer(815301076,1909f56bfc062723c751e8b465ee728b)
Start importing Assets/ExampleAssets/Prefabs/Construction Light Low.prefab using Guid(bf0a225a9ff184f2789f3036faaa9150) Importer(815301076,1909f56bfc062723c751e8b465ee728b)  -> (artifact id: '70cdb935296c2f96e15a3d0a38b490ea') in 0.503555 seconds
  Import took 0.509003 seconds .

========================================================================
Received Import Request.
  Time since last request: 0.000349 seconds.
  path: Assets/ExampleAssets/Prefabs/Workshop Set.prefab
  artifactKey: Guid(a87f0180d46fd334b9025d0314a0dc70) Importer(815301076,1909f56bfc062723c751e8b465ee728b)
Start importing Assets/ExampleAssets/Prefabs/Workshop Set.prefab using Guid(a87f0180d46fd334b9025d0314a0dc70) Importer(815301076,1909f56bfc062723c751e8b465ee728b)  -> (artifact id: '42ff823c0bd6fe87f41d955ec7eeb078') in 0.763403 seconds
  Import took 0.768159 seconds .

========================================================================
Received Import Request.
  Time since last request: 0.000258 seconds.
  path: Assets/ExampleAssets/Prefabs/Paint Supplies.prefab
  artifactKey: Guid(283e6530a665e4513959d1cd4883682f) Importer(815301076,1909f56bfc062723c751e8b465ee728b)
Start importing Assets/ExampleAssets/Prefabs/Paint Supplies.prefab using Guid(283e6530a665e4513959d1cd4883682f) Importer(815301076,1909f56bfc062723c751e8b465ee728b)  -> (artifact id: '8144dcb8d15438e12c313a63e4942d60') in 0.755131 seconds
  Import took 0.759428 seconds .

========================================================================
Received Import Request.
  Time since last request: 0.000322 seconds.
  path: Assets/ExampleAssets/Prefabs/Workbench_LOD0.prefab
  artifactKey: Guid(c0adcaeba3022437293536832628fdf8) Importer(815301076,1909f56bfc062723c751e8b465ee728b)
Start importing Assets/ExampleAssets/Prefabs/Workbench_LOD0.prefab using Guid(c0adcaeba3022437293536832628fdf8) Importer(815301076,1909f56bfc062723c751e8b465ee728b)  -> (artifact id: '770144391947fc83d56d42dd880ff9a1') in 0.015080 seconds
  Import took 0.018894 seconds .

========================================================================
Received Import Request.
  Time since last request: 0.000288 seconds.
  path: Assets/ExampleAssets/Prefabs/Workbench.prefab
  artifactKey: Guid(8850d132797ff49298ba781e8e1c9bfe) Importer(815301076,1909f56bfc062723c751e8b465ee728b)
Start importing Assets/ExampleAssets/Prefabs/Workbench.prefab using Guid(8850d132797ff49298ba781e8e1c9bfe) Importer(815301076,1909f56bfc062723c751e8b465ee728b)  -> (artifact id: '1fab86b35e8c6c84fe9830ee6151ad7f') in 0.231301 seconds
  Import took 0.236708 seconds .

========================================================================
Received Import Request.
  Time since last request: 0.000284 seconds.
  path: Assets/ExampleAssets/Prefabs/Props.prefab
  artifactKey: Guid(85dfab9623c67784fa7894de63cd1604) Importer(815301076,1909f56bfc062723c751e8b465ee728b)
Start importing Assets/ExampleAssets/Prefabs/Props.prefab using Guid(85dfab9623c67784fa7894de63cd1604) Importer(815301076,1909f56bfc062723c751e8b465ee728b)  -> (artifact id: '6b8f8d8bb12033bd348aeeebfca9673a') in 0.047353 seconds
  Import took 0.051989 seconds .

========================================================================
Received Import Request.
  Time since last request: 0.000284 seconds.
  path: Assets/ExampleAssets/Prefabs/Workbench_LOD1.prefab
  artifactKey: Guid(38d5ecfa2b93c4095b4cc5d4a590e676) Importer(815301076,1909f56bfc062723c751e8b465ee728b)
Start importing Assets/ExampleAssets/Prefabs/Workbench_LOD1.prefab using Guid(38d5ecfa2b93c4095b4cc5d4a590e676) Importer(815301076,1909f56bfc062723c751e8b465ee728b)  -> (artifact id: '03553efe5afcfa28402a79209c7cec96') in 0.012987 seconds
  Import took 0.016790 seconds .

AssetImportWorkerClient::OnTransportError - code=2 error=End of file
